2025-05-07T18:16:57.885Z error: MongoDB connection error: connection <monitor> to [::1]:27027 closed
2025-05-07T18:23:31.026Z error: MongoDB connection error: connection <monitor> to [::1]:27027 closed
2025-05-07T23:54:15.795Z error: Failed to connect to RabbitMQ: read ECONNRESET
2025-05-07T23:54:20.817Z error: Failed to connect to RabbitMQ: Socket closed abruptly during opening handshake
2025-05-08T06:50:38.256Z error: Failed to connect to RabbitMQ: connect ECONNREFUSED ::1:5672
2025-05-08T06:50:42.771Z error: Failed to connect to RabbitMQ: connect ECONNREFUSED ::1:5672
2025-05-08T06:50:47.278Z error: Failed to connect to RabbitMQ: connect ECONNREFUSED ::1:5672
2025-05-08T06:50:52.115Z error: Failed to connect to RabbitMQ: connect ECONNREFUSED ::1:5672
2025-05-08T06:50:56.791Z error: Failed to connect to RabbitMQ: connect ECONNREFUSED ::1:5672
2025-05-08T06:51:01.295Z error: Failed to connect to RabbitMQ: connect ECONNREFUSED ::1:5672
2025-05-08T06:51:19.884Z error: Failed to connect to RabbitMQ: connect ECONNREFUSED ::1:5672
2025-05-08T06:51:24.367Z error: Failed to connect to RabbitMQ: connect ECONNREFUSED ::1:5672
2025-05-08T06:51:28.894Z error: Failed to connect to RabbitMQ: connect ECONNREFUSED ::1:5672
2025-05-08T06:51:33.399Z error: Failed to connect to RabbitMQ: connect ECONNREFUSED ::1:5672
2025-05-08T06:51:37.899Z error: Failed to connect to RabbitMQ: connect ECONNREFUSED ::1:5672
2025-05-08T06:51:42.405Z error: Failed to connect to RabbitMQ: connect ECONNREFUSED ::1:5672
2025-05-08T06:51:47.230Z error: MongoDB connection error: connect ECONNREFUSED ::1:27017
2025-05-08T06:52:00.359Z error: Failed to connect to RabbitMQ: connect ECONNREFUSED ::1:5672
2025-05-08T06:52:04.879Z error: Failed to connect to RabbitMQ: connect ECONNREFUSED ::1:5672
2025-05-08T06:52:09.390Z error: Failed to connect to RabbitMQ: connect ECONNREFUSED ::1:5672
2025-05-08T06:52:13.865Z error: Failed to connect to RabbitMQ: connect ECONNREFUSED ::1:5672
2025-05-08T06:52:18.392Z error: Failed to connect to RabbitMQ: connect ECONNREFUSED ::1:5672
2025-05-08T06:52:22.869Z error: Failed to connect to RabbitMQ: connect ECONNREFUSED ::1:5672
2025-05-08T06:52:27.315Z error: MongoDB connection error: connect ECONNREFUSED ::1:27017
2025-05-08T06:52:40.990Z error: Failed to connect to RabbitMQ: connect ECONNREFUSED ::1:5672
2025-05-08T06:52:45.536Z error: Failed to connect to RabbitMQ: connect ECONNREFUSED ::1:5672
2025-05-08T06:52:50.060Z error: Failed to connect to RabbitMQ: connect ECONNREFUSED ::1:5672
2025-05-08T06:52:54.550Z error: Failed to connect to RabbitMQ: connect ECONNREFUSED ::1:5672
2025-05-08T06:52:59.080Z error: Failed to connect to RabbitMQ: connect ECONNREFUSED ::1:5672
2025-05-08T06:53:03.589Z error: Failed to connect to RabbitMQ: connect ECONNREFUSED ::1:5672
2025-05-08T06:53:08.012Z error: MongoDB connection error: connect ECONNREFUSED ::1:27017
2025-05-08T06:53:21.428Z error: Failed to connect to RabbitMQ: connect ECONNREFUSED ::1:5672
2025-05-08T06:53:25.930Z error: Failed to connect to RabbitMQ: connect ECONNREFUSED ::1:5672
2025-05-08T06:53:30.423Z error: Failed to connect to RabbitMQ: connect ECONNREFUSED ::1:5672
2025-05-08T06:53:51.739Z error: Failed to connect to RabbitMQ: connect ECONNREFUSED ::1:5672
2025-05-08T06:53:56.251Z error: Failed to connect to RabbitMQ: connect ECONNREFUSED ::1:5672
2025-05-08T06:54:00.544Z error: Failed to connect to RabbitMQ: connect ECONNREFUSED ::1:5672
2025-05-08T06:54:05.258Z error: Failed to connect to RabbitMQ: connect ECONNREFUSED ::1:5672
2025-05-08T06:54:09.767Z error: Failed to connect to RabbitMQ: connect ECONNREFUSED ::1:5672
2025-05-08T06:54:14.286Z error: Failed to connect to RabbitMQ: connect ECONNREFUSED ::1:5672
2025-05-08T06:54:18.800Z error: Failed to connect to RabbitMQ: connect ECONNREFUSED ::1:5672
2025-05-08T06:54:23.310Z error: Failed to connect to RabbitMQ: connect ECONNREFUSED ::1:5672
2025-05-08T06:54:27.813Z error: Failed to connect to RabbitMQ: connect ECONNREFUSED ::1:5672
2025-05-08T06:54:38.564Z error: Failed to connect to RabbitMQ: connect ECONNREFUSED ::1:5672
2025-05-08T06:54:37.316Z error: Failed to connect to RabbitMQ: connect ECONNREFUSED ::1:5672
2025-05-08T06:54:41.805Z error: Failed to connect to RabbitMQ: connect ECONNREFUSED ::1:5672
2025-05-08T06:54:46.326Z error: Failed to connect to RabbitMQ: connect ECONNREFUSED ::1:5672
2025-05-08T06:54:50.829Z error: Failed to connect to RabbitMQ: connect ECONNREFUSED ::1:5672
2025-05-08T06:54:55.166Z error: Failed to connect to RabbitMQ: connect ECONNREFUSED ::1:5672
2025-05-08T06:54:59.850Z error: Failed to connect to RabbitMQ: connect ECONNREFUSED ::1:5672
2025-05-08T06:55:04.337Z error: Failed to connect to RabbitMQ: connect ECONNREFUSED ::1:5672
2025-05-08T06:55:08.842Z error: Failed to connect to RabbitMQ: connect ECONNREFUSED ::1:5672
2025-05-08T06:55:13.363Z error: Failed to connect to RabbitMQ: connect ECONNREFUSED ::1:5672
2025-05-08T06:55:17.868Z error: Failed to connect to RabbitMQ: connect ECONNREFUSED ::1:5672
2025-05-08T06:55:28.617Z error: Failed to connect to RabbitMQ: connect ECONNREFUSED ::1:5672
2025-05-08T06:55:27.376Z error: Failed to connect to RabbitMQ: connect ECONNREFUSED ::1:5672
2025-05-08T06:55:31.870Z error: Failed to connect to RabbitMQ: connect ECONNREFUSED ::1:5672
2025-05-08T06:55:36.366Z error: Failed to connect to RabbitMQ: connect ECONNREFUSED ::1:5672
2025-05-08T06:55:40.860Z error: Failed to connect to RabbitMQ: connect ECONNREFUSED ::1:5672
2025-05-08T06:55:45.377Z error: Failed to connect to RabbitMQ: connect ECONNREFUSED ::1:5672
2025-05-08T06:55:49.750Z error: Failed to connect to RabbitMQ: connect ECONNREFUSED ::1:5672
2025-05-08T06:55:54.399Z error: Failed to connect to RabbitMQ: connect ECONNREFUSED ::1:5672
2025-05-08T06:55:58.900Z error: Failed to connect to RabbitMQ: connect ECONNREFUSED ::1:5672
2025-05-08T06:56:03.410Z error: Failed to connect to RabbitMQ: connect ECONNREFUSED ::1:5672
2025-05-08T06:56:07.892Z error: Failed to connect to RabbitMQ: connect ECONNREFUSED ::1:5672
2025-05-08T06:56:18.659Z error: Failed to connect to RabbitMQ: connect ECONNREFUSED ::1:5672
2025-05-08T06:56:17.080Z error: Failed to connect to RabbitMQ: connect ECONNREFUSED ::1:5672
2025-05-08T06:56:21.910Z error: Failed to connect to RabbitMQ: connect ECONNREFUSED ::1:5672
2025-05-08T06:56:26.420Z error: Failed to connect to RabbitMQ: connect ECONNREFUSED ::1:5672
2025-05-08T06:56:30.928Z error: Failed to connect to RabbitMQ: connect ECONNREFUSED ::1:5672
2025-05-08T06:56:35.423Z error: Failed to connect to RabbitMQ: connect ECONNREFUSED ::1:5672
2025-05-08T06:56:39.910Z error: Failed to connect to RabbitMQ: connect ECONNREFUSED ::1:5672
2025-05-08T06:56:44.366Z error: Failed to connect to RabbitMQ: connect ECONNREFUSED ::1:5672
2025-05-08T06:56:48.943Z error: Failed to connect to RabbitMQ: connect ECONNREFUSED ::1:5672
2025-05-08T06:56:53.439Z error: Failed to connect to RabbitMQ: connect ECONNREFUSED ::1:5672
2025-05-08T06:56:57.951Z error: Failed to connect to RabbitMQ: connect ECONNREFUSED ::1:5672
2025-05-08T06:57:02.954Z error: Failed to connect to RabbitMQ: connect ECONNREFUSED ::1:5672
2025-05-08T06:57:07.458Z error: Failed to connect to RabbitMQ: connect ECONNREFUSED ::1:5672
2025-05-08T06:57:11.678Z error: Failed to connect to RabbitMQ: connect ECONNREFUSED ::1:5672
2025-05-08T06:57:16.466Z error: Failed to connect to RabbitMQ: connect ECONNREFUSED ::1:5672
2025-05-08T06:57:20.966Z error: Failed to connect to RabbitMQ: connect ECONNREFUSED ::1:5672
2025-05-08T06:57:25.475Z error: Failed to connect to RabbitMQ: connect ECONNREFUSED ::1:5672
2025-05-08T06:57:29.946Z error: Failed to connect to RabbitMQ: connect ECONNREFUSED ::1:5672
2025-05-08T06:57:34.480Z error: Failed to connect to RabbitMQ: connect ECONNREFUSED ::1:5672
2025-05-08T06:57:38.964Z error: Failed to connect to RabbitMQ: connect ECONNREFUSED ::1:5672
2025-05-08T06:57:43.486Z error: Failed to connect to RabbitMQ: connect ECONNREFUSED ::1:5672
2025-05-08T06:57:47.983Z error: Failed to connect to RabbitMQ: connect ECONNREFUSED ::1:5672
2025-05-08T06:57:52.986Z error: Failed to connect to RabbitMQ: connect ECONNREFUSED ::1:5672
2025-05-08T06:57:57.485Z error: Failed to connect to RabbitMQ: connect ECONNREFUSED ::1:5672
2025-05-08T06:58:02.005Z error: Failed to connect to RabbitMQ: connect ECONNREFUSED ::1:5672
2025-05-08T06:58:06.269Z error: Failed to connect to RabbitMQ: connect ECONNREFUSED ::1:5672
2025-05-08T06:58:10.987Z error: Failed to connect to RabbitMQ: connect ECONNREFUSED ::1:5672
2025-05-08T06:58:15.507Z error: Failed to connect to RabbitMQ: connect ECONNREFUSED ::1:5672
2025-05-08T06:58:20.016Z error: Failed to connect to RabbitMQ: connect ECONNREFUSED ::1:5672
2025-05-08T06:58:24.515Z error: Failed to connect to RabbitMQ: connect ECONNREFUSED ::1:5672
2025-05-08T06:58:29.027Z error: Failed to connect to RabbitMQ: connect ECONNREFUSED ::1:5672
2025-05-08T06:58:33.526Z error: Failed to connect to RabbitMQ: connect ECONNREFUSED ::1:5672
2025-05-08T06:58:38.049Z error: Failed to connect to RabbitMQ: connect ECONNREFUSED ::1:5672
2025-05-08T06:58:43.051Z error: Failed to connect to RabbitMQ: connect ECONNREFUSED ::1:5672
2025-05-08T06:58:47.558Z error: Failed to connect to RabbitMQ: connect ECONNREFUSED ::1:5672
2025-05-08T06:58:52.058Z error: Failed to connect to RabbitMQ: connect ECONNREFUSED ::1:5672
2025-05-08T06:58:56.568Z error: Failed to connect to RabbitMQ: connect ECONNREFUSED ::1:5672
2025-05-08T06:59:00.898Z error: Failed to connect to RabbitMQ: connect ECONNREFUSED ::1:5672
2025-05-08T06:59:05.580Z error: Failed to connect to RabbitMQ: connect ECONNREFUSED ::1:5672
2025-05-08T06:59:10.086Z error: Failed to connect to RabbitMQ: connect ECONNREFUSED ::1:5672
2025-05-08T06:59:14.579Z error: Failed to connect to RabbitMQ: connect ECONNREFUSED ::1:5672
2025-05-08T06:59:19.079Z error: Failed to connect to RabbitMQ: connect ECONNREFUSED ::1:5672
2025-05-08T06:59:23.587Z error: Failed to connect to RabbitMQ: connect ECONNREFUSED ::1:5672
2025-05-08T06:59:28.077Z error: Failed to connect to RabbitMQ: connect ECONNREFUSED ::1:5672
2025-05-08T06:59:33.080Z error: Failed to connect to RabbitMQ: connect ECONNREFUSED ::1:5672
2025-05-08T06:59:37.607Z error: Failed to connect to RabbitMQ: connect ECONNREFUSED ::1:5672
2025-05-08T06:59:42.078Z error: Failed to connect to RabbitMQ: connect ECONNREFUSED ::1:5672
2025-05-08T06:59:46.588Z error: Failed to connect to RabbitMQ: connect ECONNREFUSED ::1:5672
2025-05-08T06:59:51.112Z error: Failed to connect to RabbitMQ: connect ECONNREFUSED ::1:5672
2025-05-08T06:59:55.490Z error: Failed to connect to RabbitMQ: connect ECONNREFUSED ::1:5672
2025-05-08T07:00:00.117Z error: Failed to connect to RabbitMQ: connect ECONNREFUSED ::1:5672
2025-05-08T07:00:04.628Z error: Failed to connect to RabbitMQ: connect ECONNREFUSED ::1:5672
2025-05-08T07:00:09.121Z error: Failed to connect to RabbitMQ: connect ECONNREFUSED ::1:5672
2025-05-08T07:00:13.616Z error: Failed to connect to RabbitMQ: connect ECONNREFUSED ::1:5672
2025-05-08T07:00:18.139Z error: Failed to connect to RabbitMQ: connect ECONNREFUSED ::1:5672
2025-05-08T07:00:22.803Z error: Failed to connect to RabbitMQ: connect ECONNREFUSED ::1:5672
2025-05-08T07:00:27.654Z error: Failed to connect to RabbitMQ: connect ECONNREFUSED ::1:5672
2025-05-08T07:00:32.132Z error: Failed to connect to RabbitMQ: connect ECONNREFUSED ::1:5672
2025-05-08T07:00:36.657Z error: Failed to connect to RabbitMQ: connect ECONNREFUSED ::1:5672
2025-05-08T07:00:41.144Z error: Failed to connect to RabbitMQ: connect ECONNREFUSED ::1:5672
2025-05-08T07:00:45.669Z error: Failed to connect to RabbitMQ: connect ECONNREFUSED ::1:5672
2025-05-08T07:00:50.100Z error: Failed to connect to RabbitMQ: connect ECONNREFUSED ::1:5672
2025-05-08T07:00:54.680Z error: Failed to connect to RabbitMQ: connect ECONNREFUSED ::1:5672
2025-05-08T07:00:59.164Z error: Failed to connect to RabbitMQ: connect ECONNREFUSED ::1:5672
2025-05-08T07:01:03.694Z error: Failed to connect to RabbitMQ: connect ECONNREFUSED ::1:5672
2025-05-08T07:01:08.198Z error: Failed to connect to RabbitMQ: connect ECONNREFUSED ::1:5672
2025-05-08T07:01:13.202Z error: Failed to connect to RabbitMQ: connect ECONNREFUSED ::1:5672
2025-05-08T07:01:17.405Z error: Failed to connect to RabbitMQ: connect ECONNREFUSED ::1:5672
2025-05-08T07:01:22.208Z error: Failed to connect to RabbitMQ: connect ECONNREFUSED ::1:5672
2025-05-08T07:01:26.713Z error: Failed to connect to RabbitMQ: connect ECONNREFUSED ::1:5672
2025-05-08T07:01:31.194Z error: Failed to connect to RabbitMQ: connect ECONNREFUSED ::1:5672
2025-05-08T07:01:35.713Z error: Failed to connect to RabbitMQ: connect ECONNREFUSED ::1:5672
2025-05-08T07:01:40.216Z error: Failed to connect to RabbitMQ: connect ECONNREFUSED ::1:5672
2025-05-08T07:01:44.686Z error: Failed to connect to RabbitMQ: connect ECONNREFUSED ::1:5672
2025-05-08T07:01:49.219Z error: Failed to connect to RabbitMQ: connect ECONNREFUSED ::1:5672
2025-05-08T07:01:53.722Z error: Failed to connect to RabbitMQ: connect ECONNREFUSED ::1:5672
2025-05-08T07:01:58.228Z error: Failed to connect to RabbitMQ: connect ECONNREFUSED ::1:5672
2025-05-08T07:02:03.230Z error: Failed to connect to RabbitMQ: connect ECONNREFUSED ::1:5672
2025-05-08T07:02:07.730Z error: Failed to connect to RabbitMQ: connect ECONNREFUSED ::1:5672
2025-05-08T07:02:11.990Z error: Failed to connect to RabbitMQ: connect ECONNREFUSED ::1:5672
2025-05-08T07:02:16.727Z error: Failed to connect to RabbitMQ: connect ECONNREFUSED ::1:5672
2025-05-08T07:02:21.212Z error: Failed to connect to RabbitMQ: connect ECONNREFUSED ::1:5672
2025-05-08T07:02:25.718Z error: Failed to connect to RabbitMQ: connect ECONNREFUSED ::1:5672
2025-05-08T07:02:30.234Z error: Failed to connect to RabbitMQ: connect ECONNREFUSED ::1:5672
2025-05-08T07:02:34.743Z error: Failed to connect to RabbitMQ: connect ECONNREFUSED ::1:5672
2025-05-08T07:02:39.251Z error: Failed to connect to RabbitMQ: connect ECONNREFUSED ::1:5672
2025-05-08T07:02:43.732Z error: Failed to connect to RabbitMQ: connect ECONNREFUSED ::1:5672
2025-05-08T07:02:54.497Z error: Failed to connect to RabbitMQ: connect ECONNREFUSED ::1:5672
2025-05-08T07:02:53.272Z error: Failed to connect to RabbitMQ: connect ECONNREFUSED ::1:5672
2025-05-08T07:02:57.773Z error: Failed to connect to RabbitMQ: connect ECONNREFUSED ::1:5672
2025-05-08T07:03:02.260Z error: Failed to connect to RabbitMQ: connect ECONNREFUSED ::1:5672
2025-05-08T07:03:06.577Z error: Failed to connect to RabbitMQ: connect ECONNREFUSED ::1:5672
2025-05-08T07:03:11.285Z error: Failed to connect to RabbitMQ: connect ECONNREFUSED ::1:5672
2025-05-08T07:03:15.789Z error: Failed to connect to RabbitMQ: connect ECONNREFUSED ::1:5672
2025-05-08T07:03:20.263Z error: Failed to connect to RabbitMQ: connect ECONNREFUSED ::1:5672
2025-05-08T07:03:24.793Z error: Failed to connect to RabbitMQ: connect ECONNREFUSED ::1:5672
2025-05-08T07:03:29.280Z error: Failed to connect to RabbitMQ: connect ECONNREFUSED ::1:5672
2025-05-08T07:03:33.806Z error: Failed to connect to RabbitMQ: connect ECONNREFUSED ::1:5672
2025-05-08T07:03:44.548Z error: Failed to connect to RabbitMQ: connect ECONNREFUSED ::1:5672
2025-05-08T07:03:43.315Z error: Failed to connect to RabbitMQ: connect ECONNREFUSED ::1:5672
2025-05-08T07:03:47.794Z error: Failed to connect to RabbitMQ: connect ECONNREFUSED ::1:5672
2025-05-08T07:03:52.311Z error: Failed to connect to RabbitMQ: connect ECONNREFUSED ::1:5672
2025-05-08T07:03:56.794Z error: Failed to connect to RabbitMQ: connect ECONNREFUSED ::1:5672
2025-05-08T07:04:01.168Z error: Failed to connect to RabbitMQ: connect ECONNREFUSED ::1:5672
2025-05-08T07:04:05.790Z error: Failed to connect to RabbitMQ: connect ECONNREFUSED ::1:5672
2025-05-08T07:04:10.319Z error: Failed to connect to RabbitMQ: connect ECONNREFUSED ::1:5672
2025-05-08T07:04:14.819Z error: Failed to connect to RabbitMQ: connect ECONNREFUSED ::1:5672
2025-05-08T07:04:19.315Z error: Failed to connect to RabbitMQ: connect ECONNREFUSED ::1:5672
2025-05-08T07:04:23.809Z error: Failed to connect to RabbitMQ: connect ECONNREFUSED ::1:5672
2025-05-08T07:04:34.578Z error: Failed to connect to RabbitMQ: connect ECONNREFUSED ::1:5672
2025-05-08T07:04:33.330Z error: Failed to connect to RabbitMQ: connect ECONNREFUSED ::1:5672
2025-05-08T07:04:37.807Z error: Failed to connect to RabbitMQ: connect ECONNREFUSED ::1:5672
2025-05-08T07:04:42.347Z error: Failed to connect to RabbitMQ: connect ECONNREFUSED ::1:5672
2025-05-08T07:04:46.842Z error: Failed to connect to RabbitMQ: connect ECONNREFUSED ::1:5672
2025-05-08T07:04:51.341Z error: Failed to connect to RabbitMQ: connect ECONNREFUSED ::1:5672
2025-05-08T07:04:55.766Z error: Failed to connect to RabbitMQ: connect ECONNREFUSED ::1:5672
2025-05-08T07:05:00.337Z error: Failed to connect to RabbitMQ: connect ECONNREFUSED ::1:5672
2025-05-08T07:05:04.837Z error: Failed to connect to RabbitMQ: connect ECONNREFUSED ::1:5672
2025-05-08T07:05:09.361Z error: Failed to connect to RabbitMQ: connect ECONNREFUSED ::1:5672
2025-05-08T07:05:13.865Z error: Failed to connect to RabbitMQ: connect ECONNREFUSED ::1:5672
2025-05-08T07:05:18.871Z error: Failed to connect to RabbitMQ: connect ECONNREFUSED ::1:5672
2025-05-08T07:05:23.078Z error: Failed to connect to RabbitMQ: connect ECONNREFUSED ::1:5672
2025-05-08T07:05:27.876Z error: Failed to connect to RabbitMQ: connect ECONNREFUSED ::1:5672
2025-05-08T07:05:32.357Z error: Failed to connect to RabbitMQ: connect ECONNREFUSED ::1:5672
2025-05-08T07:05:36.881Z error: Failed to connect to RabbitMQ: connect ECONNREFUSED ::1:5672
2025-05-08T07:05:41.377Z error: Failed to connect to RabbitMQ: connect ECONNREFUSED ::1:5672
2025-05-08T07:06:01.940Z error: Failed to connect to RabbitMQ: connect ECONNREFUSED ::1:5672
2025-05-08T07:06:06.443Z error: Failed to connect to RabbitMQ: connect ECONNREFUSED ::1:5672
2025-05-08T07:06:10.946Z error: Failed to connect to RabbitMQ: connect ECONNREFUSED ::1:5672
2025-05-08T07:06:15.451Z error: Failed to connect to RabbitMQ: connect ECONNREFUSED ::1:5672
2025-05-08T07:06:19.947Z error: Failed to connect to RabbitMQ: connect ECONNREFUSED ::1:5672
2025-05-08T07:06:24.457Z error: Failed to connect to RabbitMQ: connect ECONNREFUSED ::1:5672
2025-05-08T07:06:28.969Z error: Failed to connect to RabbitMQ: connect ECONNREFUSED ::1:5672
2025-05-08T07:06:33.975Z error: Failed to connect to RabbitMQ: connect ECONNREFUSED ::1:5672
2025-05-08T07:06:38.472Z error: Failed to connect to RabbitMQ: connect ECONNREFUSED ::1:5672
2025-05-08T07:06:42.977Z error: Failed to connect to RabbitMQ: connect ECONNREFUSED ::1:5672
2025-05-08T07:06:47.486Z error: Failed to connect to RabbitMQ: connect ECONNREFUSED ::1:5672
2025-05-08T07:06:51.994Z error: Failed to connect to RabbitMQ: connect ECONNREFUSED ::1:5672
2025-05-08T07:06:56.504Z error: Failed to connect to RabbitMQ: connect ECONNREFUSED ::1:5672
2025-05-08T07:07:00.999Z error: Failed to connect to RabbitMQ: connect ECONNREFUSED ::1:5672
2025-05-08T07:07:05.510Z error: Failed to connect to RabbitMQ: connect ECONNREFUSED ::1:5672
2025-05-08T07:07:10.015Z error: Failed to connect to RabbitMQ: connect ECONNREFUSED ::1:5672
2025-05-08T07:07:14.491Z error: Failed to connect to RabbitMQ: connect ECONNREFUSED ::1:5672
2025-05-08T07:07:27.513Z error: Failed to connect to RabbitMQ: connect ECONNREFUSED ::1:5672
2025-05-08T07:07:32.051Z error: Failed to connect to RabbitMQ: connect ECONNREFUSED ::1:5672
2025-05-08T07:07:36.531Z error: Failed to connect to RabbitMQ: connect ECONNREFUSED ::1:5672
2025-05-08T07:07:41.071Z error: Failed to connect to RabbitMQ: connect ECONNREFUSED ::1:5672
2025-05-08T07:07:45.556Z error: Failed to connect to RabbitMQ: connect ECONNREFUSED ::1:5672
2025-05-08T07:07:50.060Z error: Failed to connect to RabbitMQ: connect ECONNREFUSED ::1:5672
2025-05-08T07:07:54.555Z error: Failed to connect to RabbitMQ: connect ECONNREFUSED ::1:5672
2025-05-08T07:07:59.069Z error: Failed to connect to RabbitMQ: connect ECONNREFUSED ::1:5672
2025-05-08T07:08:04.076Z error: Failed to connect to RabbitMQ: connect ECONNREFUSED ::1:5672
2025-05-08T07:08:08.460Z error: Failed to connect to RabbitMQ: connect ECONNREFUSED ::1:5672
2025-05-08T07:08:13.083Z error: Failed to connect to RabbitMQ: connect ECONNREFUSED ::1:5672
2025-05-08T07:08:17.603Z error: Failed to connect to RabbitMQ: connect ECONNREFUSED ::1:5672
2025-05-08T07:08:22.109Z error: Failed to connect to RabbitMQ: connect ECONNREFUSED ::1:5672
2025-05-08T07:08:26.595Z error: Failed to connect to RabbitMQ: connect ECONNREFUSED ::1:5672
2025-05-08T07:08:31.095Z error: Failed to connect to RabbitMQ: connect ECONNREFUSED ::1:5672
2025-05-08T07:08:35.623Z error: Failed to connect to RabbitMQ: connect ECONNREFUSED ::1:5672
2025-05-08T07:08:40.102Z error: Failed to connect to RabbitMQ: connect ECONNREFUSED ::1:5672
2025-05-08T07:08:44.627Z error: Failed to connect to RabbitMQ: connect ECONNREFUSED ::1:5672
2025-05-08T07:08:49.124Z error: Failed to connect to RabbitMQ: connect ECONNREFUSED ::1:5672
2025-05-08T07:08:54.126Z error: Failed to connect to RabbitMQ: connect ECONNREFUSED ::1:5672
2025-05-08T07:08:58.616Z error: Failed to connect to RabbitMQ: connect ECONNREFUSED ::1:5672
2025-05-08T07:09:03.061Z error: Failed to connect to RabbitMQ: connect ECONNREFUSED ::1:5672
2025-05-08T07:09:07.640Z error: Failed to connect to RabbitMQ: connect ECONNREFUSED ::1:5672
2025-05-08T07:09:12.167Z error: Failed to connect to RabbitMQ: connect ECONNREFUSED ::1:5672
2025-05-08T07:09:16.671Z error: Failed to connect to RabbitMQ: connect ECONNREFUSED ::1:5672
2025-05-08T07:09:21.165Z error: Failed to connect to RabbitMQ: connect ECONNREFUSED ::1:5672
2025-05-08T07:09:25.663Z error: Failed to connect to RabbitMQ: connect ECONNREFUSED ::1:5672
2025-05-08T07:09:30.167Z error: Failed to connect to RabbitMQ: connect ECONNREFUSED ::1:5672
2025-05-08T07:09:34.692Z error: Failed to connect to RabbitMQ: connect ECONNREFUSED ::1:5672
2025-05-08T07:09:39.204Z error: Failed to connect to RabbitMQ: connect ECONNREFUSED ::1:5672
2025-05-08T07:09:44.210Z error: Failed to connect to RabbitMQ: connect ECONNREFUSED ::1:5672
2025-05-08T07:09:48.688Z error: Failed to connect to RabbitMQ: connect ECONNREFUSED ::1:5672
2025-05-08T07:09:53.208Z error: Failed to connect to RabbitMQ: connect ECONNREFUSED ::1:5672
2025-05-08T07:09:57.696Z error: Failed to connect to RabbitMQ: connect ECONNREFUSED ::1:5672
2025-05-08T07:10:02.217Z error: Failed to connect to RabbitMQ: connect ECONNREFUSED ::1:5672
2025-05-08T07:10:06.728Z error: Failed to connect to RabbitMQ: connect ECONNREFUSED ::1:5672
2025-05-08T07:10:11.227Z error: Failed to connect to RabbitMQ: connect ECONNREFUSED ::1:5672
2025-05-08T07:10:15.724Z error: Failed to connect to RabbitMQ: connect ECONNREFUSED ::1:5672
2025-05-08T07:10:20.219Z error: Failed to connect to RabbitMQ: connect ECONNREFUSED ::1:5672
2025-05-08T07:10:24.737Z error: Failed to connect to RabbitMQ: connect ECONNREFUSED ::1:5672
2025-05-08T07:10:29.230Z error: Failed to connect to RabbitMQ: connect ECONNREFUSED ::1:5672
2025-05-08T07:10:34.233Z error: Failed to connect to RabbitMQ: connect ECONNREFUSED ::1:5672
2025-05-08T07:10:38.762Z error: Failed to connect to RabbitMQ: connect ECONNREFUSED ::1:5672
2025-05-08T07:10:43.239Z error: Failed to connect to RabbitMQ: connect ECONNREFUSED ::1:5672
2025-05-08T07:10:47.765Z error: Failed to connect to RabbitMQ: connect ECONNREFUSED ::1:5672
2025-05-08T07:10:52.254Z error: Failed to connect to RabbitMQ: connect ECONNREFUSED ::1:5672
2025-05-08T07:10:56.761Z error: Failed to connect to RabbitMQ: connect ECONNREFUSED ::1:5672
2025-05-08T07:11:01.288Z error: Failed to connect to RabbitMQ: connect ECONNREFUSED ::1:5672
2025-05-08T07:11:05.791Z error: Failed to connect to RabbitMQ: connect ECONNREFUSED ::1:5672
2025-05-08T07:11:10.279Z error: Failed to connect to RabbitMQ: connect ECONNREFUSED ::1:5672
2025-05-08T07:11:14.776Z error: Failed to connect to RabbitMQ: connect ECONNREFUSED ::1:5672
2025-05-08T07:11:25.540Z error: Failed to connect to RabbitMQ: connect ECONNREFUSED ::1:5672
2025-05-08T07:11:24.284Z error: Failed to connect to RabbitMQ: connect ECONNREFUSED ::1:5672
2025-05-08T07:11:28.784Z error: Failed to connect to RabbitMQ: connect ECONNREFUSED ::1:5672
2025-05-08T07:11:33.306Z error: Failed to connect to RabbitMQ: connect ECONNREFUSED ::1:5672
2025-05-08T07:11:49.427Z error: Failed to connect to RabbitMQ: connect ECONNREFUSED ::1:5672
2025-05-08T07:11:53.935Z error: Failed to connect to RabbitMQ: connect ECONNREFUSED ::1:5672
2025-05-08T07:11:58.449Z error: Failed to connect to RabbitMQ: connect ECONNREFUSED ::1:5672
2025-05-08T07:12:02.931Z error: Failed to connect to RabbitMQ: connect ECONNREFUSED ::1:5672
2025-05-08T07:12:07.456Z error: Failed to connect to RabbitMQ: connect ECONNREFUSED ::1:5672
2025-05-08T07:12:11.812Z error: Failed to connect to RabbitMQ: connect ECONNREFUSED ::1:5672
2025-05-08T07:12:16.454Z error: Failed to connect to RabbitMQ: connect ECONNREFUSED ::1:5672
2025-05-08T07:12:20.964Z error: Failed to connect to RabbitMQ: connect ECONNREFUSED ::1:5672
2025-05-08T07:12:25.466Z error: Failed to connect to RabbitMQ: connect ECONNREFUSED ::1:5672
2025-05-08T07:12:29.977Z error: Failed to connect to RabbitMQ: connect ECONNREFUSED ::1:5672
2025-05-08T07:12:34.459Z error: Failed to connect to RabbitMQ: connect ECONNREFUSED ::1:5672
2025-05-08T07:12:39.131Z error: Failed to connect to RabbitMQ: connect ECONNREFUSED ::1:5672
2025-05-08T07:12:43.985Z error: Failed to connect to RabbitMQ: connect ECONNREFUSED ::1:5672
2025-05-08T07:12:48.525Z error: Failed to connect to RabbitMQ: connect ECONNREFUSED ::1:5672
2025-05-08T07:12:53.011Z error: Failed to connect to RabbitMQ: connect ECONNREFUSED ::1:5672
2025-05-08T07:12:57.513Z error: Failed to connect to RabbitMQ: connect ECONNREFUSED ::1:5672
2025-05-08T07:13:02.002Z error: Failed to connect to RabbitMQ: connect ECONNREFUSED ::1:5672
2025-05-08T07:13:06.425Z error: Failed to connect to RabbitMQ: connect ECONNREFUSED ::1:5672
2025-05-08T07:13:11.034Z error: Failed to connect to RabbitMQ: connect ECONNREFUSED ::1:5672
2025-05-08T07:13:15.515Z error: Failed to connect to RabbitMQ: connect ECONNREFUSED ::1:5672
2025-05-08T07:13:20.036Z error: Failed to connect to RabbitMQ: connect ECONNREFUSED ::1:5672
2025-05-08T07:13:24.542Z error: Failed to connect to RabbitMQ: connect ECONNREFUSED ::1:5672
2025-05-08T07:13:29.545Z error: Failed to connect to RabbitMQ: connect ECONNREFUSED ::1:5672
2025-05-08T07:13:33.741Z error: Failed to connect to RabbitMQ: connect ECONNREFUSED ::1:5672
2025-05-08T07:13:38.532Z error: Failed to connect to RabbitMQ: connect ECONNREFUSED ::1:5672
2025-05-08T07:13:43.034Z error: Failed to connect to RabbitMQ: connect ECONNREFUSED ::1:5672
2025-05-08T07:13:47.545Z error: Failed to connect to RabbitMQ: connect ECONNREFUSED ::1:5672
2025-05-08T07:13:52.039Z error: Failed to connect to RabbitMQ: connect ECONNREFUSED ::1:5672
2025-05-08T07:13:56.561Z error: Failed to connect to RabbitMQ: connect ECONNREFUSED ::1:5672
2025-05-08T07:14:01.007Z error: Failed to connect to RabbitMQ: connect ECONNREFUSED ::1:5672
2025-05-08T07:14:05.564Z error: Failed to connect to RabbitMQ: connect ECONNREFUSED ::1:5672
2025-05-08T07:14:10.070Z error: Failed to connect to RabbitMQ: connect ECONNREFUSED ::1:5672
2025-05-08T07:14:20.812Z error: Failed to connect to RabbitMQ: connect ECONNREFUSED ::1:5672
2025-05-08T07:14:19.546Z error: Failed to connect to RabbitMQ: connect ECONNREFUSED ::1:5672
2025-05-08T07:14:24.051Z error: Failed to connect to RabbitMQ: connect ECONNREFUSED ::1:5672
2025-05-08T07:14:28.328Z error: Failed to connect to RabbitMQ: connect ECONNREFUSED ::1:5672
2025-05-08T07:14:33.082Z error: Failed to connect to RabbitMQ: connect ECONNREFUSED ::1:5672
2025-05-08T09:49:00.966Z error: Failed to connect to RabbitMQ: connect ECONNREFUSED 172.21.0.8:5672
2025-05-08T09:51:51.392Z error: Failed to connect to RabbitMQ: connect ECONNREFUSED 172.20.0.7:5672
2025-05-08T10:52:53.128Z error: RabbitMQ connection error: write ECONNRESET
2025-05-08T10:53:29.986Z error: Failed to connect to RabbitMQ: connect ECONNREFUSED 172.20.0.2:5672
2025-05-08T10:53:28.826Z error: Failed to connect to RabbitMQ: connect ECONNREFUSED 172.20.0.2:5672
2025-05-08T11:14:08.762Z error: Failed to connect to RabbitMQ: connect ECONNREFUSED 172.20.0.3:5672
2025-05-08T11:14:13.276Z error: Failed to connect to RabbitMQ: connect ECONNREFUSED 172.20.0.3:5672
2025-05-08T11:14:17.771Z error: Failed to connect to RabbitMQ: connect ECONNREFUSED 172.20.0.3:5672
2025-05-09T17:35:38.559Z error: Failed to connect to RabbitMQ: getaddrinfo ENOTFOUND ms-rabbitmq
2025-05-09T17:36:20.882Z error: Failed to connect to RabbitMQ: getaddrinfo ENOTFOUND ms-rabbitmq
2025-05-09T17:36:48.118Z error: Failed to connect to RabbitMQ: getaddrinfo EAI_AGAIN ms-rabbitmq
2025-05-09T17:46:23.966Z error: Failed to connect to RabbitMQ: getaddrinfo ENOTFOUND ms-rabbitmq
2025-05-09T17:47:28.822Z error: Failed to connect to RabbitMQ: getaddrinfo EAI_AGAIN ms-rabbitmq
2025-05-09T17:48:47.132Z error: Failed to connect to RabbitMQ: getaddrinfo EAI_AGAIN ms-rabbitmq
2025-05-09T17:49:45.793Z error: Failed to connect to RabbitMQ: getaddrinfo EAI_AGAIN ms-rabbitmq
2025-05-09T17:50:35.737Z error: Failed to connect to RabbitMQ: getaddrinfo EAI_AGAIN ms-rabbitmq
2025-05-09T17:51:16.230Z error: Failed to connect to RabbitMQ: getaddrinfo ENOTFOUND ms-rabbitmq
2025-05-09T17:51:55.032Z error: Failed to connect to RabbitMQ: getaddrinfo EAI_AGAIN ms-rabbitmq
2025-05-09T17:52:32.630Z error: Failed to connect to RabbitMQ: getaddrinfo EAI_AGAIN ms-rabbitmq
2025-05-09T19:17:31.477Z error: Failed to load config from server: ENVIRONMENT is not defined ENVIRONMENT is not defined
2025-05-09T19:17:31.521Z error: Error connecting to Consul: SERVICE_ID is not defined SERVICE_ID is not defined
2025-05-09T19:19:24.709Z error: Failed to load config from server: axios is not defined axios is not defined
2025-05-09T19:19:24.791Z error: Error connecting to Consul: SERVICE_ID is not defined SERVICE_ID is not defined
2025-05-09T19:20:34.167Z error: Failed to load config from server: axios is not defined axios is not defined
2025-05-09T19:20:34.218Z error: Error connecting to Consul: SERVICE_ID is not defined SERVICE_ID is not defined
2025-05-09T19:21:33.402Z error: Failed to load config from server: axios is not defined axios is not defined
2025-05-09T19:21:33.442Z error: Error connecting to Consul: SERVICE_ID is not defined SERVICE_ID is not defined
2025-05-09T19:23:08.380Z error: Failed to load config from server: Unsupported protocol ms-config-service: Unsupported protocol ms-config-service:
2025-05-09T19:23:08.417Z error: Error connecting to Consul: SERVICE_ID is not defined SERVICE_ID is not defined
2025-05-09T19:30:49.232Z error: Failed to load config from server: Unsupported protocol ms-config-service: Unsupported protocol ms-config-service:
2025-05-09T19:30:49.282Z error: Error connecting to Consul: SERVICE_ID is not defined SERVICE_ID is not defined
2025-05-09T19:38:23.858Z error: Failed to load config from server: Unsupported protocol ms-config-service: Unsupported protocol ms-config-service:
2025-05-09T19:38:23.903Z error: Error connecting to Consul: SERVICE_ID is not defined SERVICE_ID is not defined
2025-05-09T19:39:56.414Z error: Error connecting to Consul: SERVICE_ID is not defined SERVICE_ID is not defined
2025-05-09T19:41:46.499Z error: Error connecting to Consul: PORT is not defined PORT is not defined
2025-05-09T19:55:50.496Z error: Error creating product: rabbitMQClient.publishMessage is not a function
